2021-08-26 08:26:02,431: Logging to /Users/rolandoruche/PycharmProjects/neuralhydrology/runs/cudalstm_kenya_1_basin_2608_082602/output.log initialized.
2021-08-26 08:26:02,432: ### Folder structure created at /Users/rolandoruche/PycharmProjects/neuralhydrology/runs/cudalstm_kenya_1_basin_2608_082602
2021-08-26 08:26:02,432: ### Run configurations for cudalstm_kenya_1_basin
2021-08-26 08:26:02,432: experiment_name: cudalstm_kenya_1_basin
2021-08-26 08:26:02,432: run_dir: /Users/rolandoruche/PycharmProjects/neuralhydrology/runs/cudalstm_kenya_1_basin_2608_082602
2021-08-26 08:26:02,432: train_basin_file: examples/Kenya-1-basin/1-basin-config.yml
2021-08-26 08:26:02,432: validation_basin_file: examples/Kenya-1-basin/1-basin-config.yml
2021-08-26 08:26:02,433: test_basin_file: examples/Kenya-1-basin/1-basin-config.yml
2021-08-26 08:26:02,433: train_start_date: 2015-11-20 00:00:00
2021-08-26 08:26:02,433: train_end_date: 2019-01-03 00:00:00
2021-08-26 08:26:02,433: validation_start_date: 2019-01-04 00:00:00
2021-08-26 08:26:02,433: validation_end_date: 2019-05-26 00:00:00
2021-08-26 08:26:02,433: test_start_date: 2019-05-27 00:00:00
2021-08-26 08:26:02,433: test_end_date: 2019-10-16 00:00:00
2021-08-26 08:26:02,433: seed: 123
2021-08-26 08:26:02,433: device: cpu
2021-08-26 08:26:02,433: validate_every: 1
2021-08-26 08:26:02,434: validate_n_random_basins: 16
2021-08-26 08:26:02,434: metrics: ['NSE']
2021-08-26 08:26:02,436: model: cudalstm
2021-08-26 08:26:02,437: head: regression
2021-08-26 08:26:02,437: hidden_size: 20
2021-08-26 08:26:02,437: initial_forget_bias: 3
2021-08-26 08:26:02,437: output_dropout: 0.4
2021-08-26 08:26:02,437: output_activation: linear
2021-08-26 08:26:02,437: optimizer: Adam
2021-08-26 08:26:02,438: loss: NSE
2021-08-26 08:26:02,438: learning_rate: {0: 0.001, 1: 0.0005}
2021-08-26 08:26:02,438: batch_size: 256
2021-08-26 08:26:02,438: epochs: 3
2021-08-26 08:26:02,438: clip_gradient_norm: 1
2021-08-26 08:26:02,438: predict_last_n: 1
2021-08-26 08:26:02,438: seq_length: 365
2021-08-26 08:26:02,438: num_workers: 8
2021-08-26 08:26:02,438: log_interval: 5
2021-08-26 08:26:02,438: log_tensorboard: True
2021-08-26 08:26:02,438: save_weights_every: 1
2021-08-26 08:26:02,438: save_validation_results: True
2021-08-26 08:26:02,439: dataset: kenya_1_basin
2021-08-26 08:26:02,439: data_dir: data_dir
2021-08-26 08:26:02,440: forcings: kenya_1_basin_forcings
2021-08-26 08:26:02,441: dynamic_inputs: ['prcp(mm/day)', 'srad(W/m2)', 'tmax(C)', 'tmin(C)', 'vp(Pa)']
2021-08-26 08:26:02,442: target_variables: ['QObs(mm/d)']
2021-08-26 08:26:02,442: static_attributes: None
2021-08-26 08:26:02,443: number_of_basins: 91
2021-08-26 08:26:02,443: train_dir: /Users/rolandoruche/PycharmProjects/neuralhydrology/runs/cudalstm_kenya_1_basin_2608_082602/train_data
2021-08-26 08:26:02,444: img_log_dir: /Users/rolandoruche/PycharmProjects/neuralhydrology/runs/cudalstm_kenya_1_basin_2608_082602/img_log
2021-08-26 08:26:02,462: ### Device cpu will be used for training
2021-08-26 08:26:02,481: Loading basin data_dir into xarray data_dir set.
2021-08-26 08:26:02,505: Uncaught exception
Traceback (most recent call last):
  File "/Users/rolandoruche/opt/anaconda3/bin/nh-run", line 33, in <module>
    sys.exit(load_entry_point('neuralhydrology', 'console_scripts', 'nh-run')())
  File "/Users/rolandoruche/PycharmProjects/neuralhydrology/neuralhydrology/nh_run.py", line 43, in _main
    start_run(config_file=Path(args["config_file"]), gpu=args["gpu"])
  File "/Users/rolandoruche/PycharmProjects/neuralhydrology/neuralhydrology/nh_run.py", line 76, in start_run
    start_training(config)
  File "/Users/rolandoruche/PycharmProjects/neuralhydrology/neuralhydrology/training/train.py", line 22, in start_training
    trainer.initialize_training()
  File "/Users/rolandoruche/PycharmProjects/neuralhydrology/neuralhydrology/training/basetrainer.py", line 163, in initialize_training
    ds = self._get_dataset()
  File "/Users/rolandoruche/PycharmProjects/neuralhydrology/neuralhydrology/training/basetrainer.py", line 78, in _get_dataset
    return get_dataset(cfg=self.cfg, period="train", is_train=True, scaler=self._scaler)
  File "/Users/rolandoruche/PycharmProjects/neuralhydrology/neuralhydrology/datasetzoo/__init__.py", line 75, in get_dataset
    ds = Dataset(cfg=cfg,
  File "/Users/rolandoruche/PycharmProjects/neuralhydrology/neuralhydrology/datasetzoo/kenya_1_basin.py", line 25, in __init__
    super(Kenya1Basin, self).__init__(cfg=cfg,
  File "/Users/rolandoruche/PycharmProjects/neuralhydrology/neuralhydrology/datasetzoo/basedataset.py", line 129, in __init__
    self._load_data()
  File "/Users/rolandoruche/PycharmProjects/neuralhydrology/neuralhydrology/datasetzoo/basedataset.py", line 542, in _load_data
    xr = self._load_or_create_xarray_dataset()
  File "/Users/rolandoruche/PycharmProjects/neuralhydrology/neuralhydrology/datasetzoo/basedataset.py", line 265, in _load_or_create_xarray_dataset
    df = self._load_basin_data(basin)
  File "/Users/rolandoruche/PycharmProjects/neuralhydrology/neuralhydrology/datasetzoo/kenya_1_basin.py", line 38, in _load_basin_data
    df, area = load_tnc_kenya_1_basin_forcings(self.cfg.data_dir, basin, forcing)
  File "/Users/rolandoruche/PycharmProjects/neuralhydrology/neuralhydrology/datasetzoo/kenya_1_basin.py", line 76, in load_tnc_kenya_1_basin_forcings
    print(file_path[0])
IndexError: list index out of range
