2021-08-26 08:15:09,687: Logging to /Users/rolandoruche/PycharmProjects/neuralhydrology/runs/cudalstm_kenya_16_basins_2608_081509/output.log initialized.
2021-08-26 08:15:09,687: ### Folder structure created at /Users/rolandoruche/PycharmProjects/neuralhydrology/runs/cudalstm_kenya_16_basins_2608_081509
2021-08-26 08:15:09,687: ### Run configurations for cudalstm_kenya_16_basins
2021-08-26 08:15:09,688: experiment_name: cudalstm_kenya_16_basins
2021-08-26 08:15:09,688: run_dir: /Users/rolandoruche/PycharmProjects/neuralhydrology/runs/cudalstm_kenya_16_basins_2608_081509
2021-08-26 08:15:09,688: train_basin_file: examples/TNC-Kenya/kenya_basin_list.txt
2021-08-26 08:15:09,688: validation_basin_file: examples/TNC-Kenya/kenya_basin_list.txt
2021-08-26 08:15:09,688: test_basin_file: examples/TNC-Kenya/kenya_basin_list.txt
2021-08-26 08:15:09,689: train_start_date: 2015-11-20 00:00:00
2021-08-26 08:15:09,689: train_end_date: 2019-01-03 00:00:00
2021-08-26 08:15:09,689: validation_start_date: 2019-01-04 00:00:00
2021-08-26 08:15:09,689: validation_end_date: 2019-05-26 00:00:00
2021-08-26 08:15:09,689: test_start_date: 2019-05-27 00:00:00
2021-08-26 08:15:09,689: test_end_date: 2019-10-16 00:00:00
2021-08-26 08:15:09,689: seed: 123
2021-08-26 08:15:09,689: device: cpu
2021-08-26 08:15:09,690: validate_every: 1
2021-08-26 08:15:09,690: validate_n_random_basins: 16
2021-08-26 08:15:09,690: metrics: ['NSE']
2021-08-26 08:15:09,690: model: cudalstm
2021-08-26 08:15:09,690: head: regression
2021-08-26 08:15:09,690: hidden_size: 128
2021-08-26 08:15:09,690: initial_forget_bias: 3
2021-08-26 08:15:09,690: output_dropout: 0.4
2021-08-26 08:15:09,690: output_activation: linear
2021-08-26 08:15:09,690: optimizer: Adam
2021-08-26 08:15:09,690: loss: NSE
2021-08-26 08:15:09,690: learning_rate: {0: 0.001, 1: 0.0005}
2021-08-26 08:15:09,690: batch_size: 256
2021-08-26 08:15:09,691: epochs: 3
2021-08-26 08:15:09,691: clip_gradient_norm: 1
2021-08-26 08:15:09,691: predict_last_n: 1
2021-08-26 08:15:09,691: seq_length: 365
2021-08-26 08:15:09,691: num_workers: 8
2021-08-26 08:15:09,691: log_interval: 5
2021-08-26 08:15:09,691: log_tensorboard: True
2021-08-26 08:15:09,691: save_weights_every: 1
2021-08-26 08:15:09,691: save_validation_results: True
2021-08-26 08:15:09,691: dataset: tnc_kenya
2021-08-26 08:15:09,691: data_dir: data_dir
2021-08-26 08:15:09,692: forcings: ['kenya_forcings']
2021-08-26 08:15:09,692: dynamic_inputs: ['prcp(mm/day)', 'srad(W/m2)', 'tmax(C)', 'tmin(C)', 'vp(Pa)']
2021-08-26 08:15:09,692: target_variables: ['QObs(mm/d)']
2021-08-26 08:15:09,692: static_attributes: None
2021-08-26 08:15:09,692: number_of_basins: 16
2021-08-26 08:15:09,692: train_dir: /Users/rolandoruche/PycharmProjects/neuralhydrology/runs/cudalstm_kenya_16_basins_2608_081509/train_data
2021-08-26 08:15:09,692: img_log_dir: /Users/rolandoruche/PycharmProjects/neuralhydrology/runs/cudalstm_kenya_16_basins_2608_081509/img_log
2021-08-26 08:15:09,695: ### Device cpu will be used for training
2021-08-26 08:15:09,698: Loading basin data_dir into xarray data_dir set.
2021-08-26 08:15:09,787: NumExpr defaulting to 4 threads.
2021-08-26 08:15:10,084: Uncaught exception
Traceback (most recent call last):
  File "/Users/rolandoruche/opt/anaconda3/bin/nh-run", line 33, in <module>
    sys.exit(load_entry_point('neuralhydrology', 'console_scripts', 'nh-run')())
  File "/Users/rolandoruche/PycharmProjects/neuralhydrology/neuralhydrology/nh_run.py", line 43, in _main
    start_run(config_file=Path(args["config_file"]), gpu=args["gpu"])
  File "/Users/rolandoruche/PycharmProjects/neuralhydrology/neuralhydrology/nh_run.py", line 76, in start_run
    start_training(config)
  File "/Users/rolandoruche/PycharmProjects/neuralhydrology/neuralhydrology/training/train.py", line 22, in start_training
    trainer.initialize_training()
  File "/Users/rolandoruche/PycharmProjects/neuralhydrology/neuralhydrology/training/basetrainer.py", line 163, in initialize_training
    ds = self._get_dataset()
  File "/Users/rolandoruche/PycharmProjects/neuralhydrology/neuralhydrology/training/basetrainer.py", line 78, in _get_dataset
    return get_dataset(cfg=self.cfg, period="train", is_train=True, scaler=self._scaler)
  File "/Users/rolandoruche/PycharmProjects/neuralhydrology/neuralhydrology/datasetzoo/__init__.py", line 75, in get_dataset
    ds = Dataset(cfg=cfg,
  File "/Users/rolandoruche/PycharmProjects/neuralhydrology/neuralhydrology/datasetzoo/tnc_kenya.py", line 25, in __init__
    super(TNCKenya, self).__init__(cfg=cfg,
  File "/Users/rolandoruche/PycharmProjects/neuralhydrology/neuralhydrology/datasetzoo/basedataset.py", line 129, in __init__
    self._load_data()
  File "/Users/rolandoruche/PycharmProjects/neuralhydrology/neuralhydrology/datasetzoo/basedataset.py", line 542, in _load_data
    xr = self._load_or_create_xarray_dataset()
  File "/Users/rolandoruche/PycharmProjects/neuralhydrology/neuralhydrology/datasetzoo/basedataset.py", line 265, in _load_or_create_xarray_dataset
    df = self._load_basin_data(basin)
  File "/Users/rolandoruche/PycharmProjects/neuralhydrology/neuralhydrology/datasetzoo/tnc_kenya.py", line 38, in _load_basin_data
    df, area = load_tnc_kenya_forcings(self.cfg.data_dir, basin, forcing)
  File "/Users/rolandoruche/PycharmProjects/neuralhydrology/neuralhydrology/datasetzoo/tnc_kenya.py", line 88, in load_tnc_kenya_forcings
    df["date"] = pd.to_datetime(df.Year.map(str) + "/" + df.Mnth.map(str) + "/" + df.Day.map(str), format="%Y/%m/%d")
  File "/Users/rolandoruche/opt/anaconda3/lib/python3.8/site-packages/pandas/core/ops/common.py", line 65, in new_method
    return method(self, other)
  File "/Users/rolandoruche/opt/anaconda3/lib/python3.8/site-packages/pandas/core/arraylike.py", line 89, in __add__
    return self._arith_method(other, operator.add)
  File "/Users/rolandoruche/opt/anaconda3/lib/python3.8/site-packages/pandas/core/series.py", line 4998, in _arith_method
    result = ops.arithmetic_op(lvalues, rvalues, op)
  File "/Users/rolandoruche/opt/anaconda3/lib/python3.8/site-packages/pandas/core/ops/array_ops.py", line 189, in arithmetic_op
    res_values = _na_arithmetic_op(lvalues, rvalues, op)
  File "/Users/rolandoruche/opt/anaconda3/lib/python3.8/site-packages/pandas/core/ops/array_ops.py", line 142, in _na_arithmetic_op
    result = expressions.evaluate(op, left, right)
  File "/Users/rolandoruche/opt/anaconda3/lib/python3.8/site-packages/pandas/core/computation/expressions.py", line 235, in evaluate
    return _evaluate(op, op_str, a, b)  # type: ignore[misc]
  File "/Users/rolandoruche/opt/anaconda3/lib/python3.8/site-packages/pandas/core/computation/expressions.py", line 120, in _evaluate_numexpr
    result = _evaluate_standard(op, op_str, a, b)
  File "/Users/rolandoruche/opt/anaconda3/lib/python3.8/site-packages/pandas/core/computation/expressions.py", line 69, in _evaluate_standard
    return op(a, b)
KeyboardInterrupt
