2021-08-26 08:25:25,317: Logging to /Users/rolandoruche/PycharmProjects/neuralhydrology/runs/cudalstm_kenya_1_basin_2608_082525/output.log initialized.
2021-08-26 08:25:25,317: ### Folder structure created at /Users/rolandoruche/PycharmProjects/neuralhydrology/runs/cudalstm_kenya_1_basin_2608_082525
2021-08-26 08:25:25,317: ### Run configurations for cudalstm_kenya_1_basin
2021-08-26 08:25:25,317: experiment_name: cudalstm_kenya_1_basin
2021-08-26 08:25:25,317: run_dir: /Users/rolandoruche/PycharmProjects/neuralhydrology/runs/cudalstm_kenya_1_basin_2608_082525
2021-08-26 08:25:25,318: train_basin_file: examples/Kenya-1-basin/1-basin-config.yml
2021-08-26 08:25:25,318: validation_basin_file: examples/Kenya-1-basin/1-basin-config.yml
2021-08-26 08:25:25,318: test_basin_file: examples/Kenya-1-basin/1-basin-config.yml
2021-08-26 08:25:25,318: train_start_date: 2015-11-20 00:00:00
2021-08-26 08:25:25,318: train_end_date: 2019-01-03 00:00:00
2021-08-26 08:25:25,318: validation_start_date: 2019-01-04 00:00:00
2021-08-26 08:25:25,318: validation_end_date: 2019-05-26 00:00:00
2021-08-26 08:25:25,318: test_start_date: 2019-05-27 00:00:00
2021-08-26 08:25:25,318: test_end_date: 2019-10-16 00:00:00
2021-08-26 08:25:25,318: seed: 123
2021-08-26 08:25:25,318: device: cpu
2021-08-26 08:25:25,319: validate_every: 1
2021-08-26 08:25:25,319: validate_n_random_basins: 16
2021-08-26 08:25:25,319: metrics: ['NSE']
2021-08-26 08:25:25,319: model: cudalstm
2021-08-26 08:25:25,319: head: regression
2021-08-26 08:25:25,319: hidden_size: 20
2021-08-26 08:25:25,319: initial_forget_bias: 3
2021-08-26 08:25:25,319: output_dropout: 0.4
2021-08-26 08:25:25,319: output_activation: linear
2021-08-26 08:25:25,319: optimizer: Adam
2021-08-26 08:25:25,319: loss: NSE
2021-08-26 08:25:25,320: learning_rate: {0: 0.001, 1: 0.0005}
2021-08-26 08:25:25,320: batch_size: 256
2021-08-26 08:25:25,320: epochs: 3
2021-08-26 08:25:25,320: clip_gradient_norm: 1
2021-08-26 08:25:25,320: predict_last_n: 1
2021-08-26 08:25:25,320: seq_length: 365
2021-08-26 08:25:25,320: num_workers: 8
2021-08-26 08:25:25,320: log_interval: 5
2021-08-26 08:25:25,320: log_tensorboard: True
2021-08-26 08:25:25,321: save_weights_every: 1
2021-08-26 08:25:25,321: save_validation_results: True
2021-08-26 08:25:25,321: dataset: kenya_1_basin
2021-08-26 08:25:25,321: data_dir: data_dir
2021-08-26 08:25:25,321: forcings: kenya_1_basin_forcings
2021-08-26 08:25:25,321: dynamic_inputs: ['prcp(mm/day)', 'srad(W/m2)', 'tmax(C)', 'tmin(C)', 'vp(Pa)']
2021-08-26 08:25:25,321: target_variables: ['QObs(mm/d)']
2021-08-26 08:25:25,322: static_attributes: None
2021-08-26 08:25:25,322: number_of_basins: 91
2021-08-26 08:25:25,322: train_dir: /Users/rolandoruche/PycharmProjects/neuralhydrology/runs/cudalstm_kenya_1_basin_2608_082525/train_data
2021-08-26 08:25:25,322: img_log_dir: /Users/rolandoruche/PycharmProjects/neuralhydrology/runs/cudalstm_kenya_1_basin_2608_082525/img_log
2021-08-26 08:25:25,326: ### Device cpu will be used for training
2021-08-26 08:25:25,328: Loading basin data_dir into xarray data_dir set.
2021-08-26 08:25:25,346: Uncaught exception
Traceback (most recent call last):
  File "/Users/rolandoruche/opt/anaconda3/bin/nh-run", line 33, in <module>
    sys.exit(load_entry_point('neuralhydrology', 'console_scripts', 'nh-run')())
  File "/Users/rolandoruche/PycharmProjects/neuralhydrology/neuralhydrology/nh_run.py", line 43, in _main
    start_run(config_file=Path(args["config_file"]), gpu=args["gpu"])
  File "/Users/rolandoruche/PycharmProjects/neuralhydrology/neuralhydrology/nh_run.py", line 76, in start_run
    start_training(config)
  File "/Users/rolandoruche/PycharmProjects/neuralhydrology/neuralhydrology/training/train.py", line 22, in start_training
    trainer.initialize_training()
  File "/Users/rolandoruche/PycharmProjects/neuralhydrology/neuralhydrology/training/basetrainer.py", line 163, in initialize_training
    ds = self._get_dataset()
  File "/Users/rolandoruche/PycharmProjects/neuralhydrology/neuralhydrology/training/basetrainer.py", line 78, in _get_dataset
    return get_dataset(cfg=self.cfg, period="train", is_train=True, scaler=self._scaler)
  File "/Users/rolandoruche/PycharmProjects/neuralhydrology/neuralhydrology/datasetzoo/__init__.py", line 75, in get_dataset
    ds = Dataset(cfg=cfg,
  File "/Users/rolandoruche/PycharmProjects/neuralhydrology/neuralhydrology/datasetzoo/kenya_1_basin.py", line 25, in __init__
    super(Kenya1Basin, self).__init__(cfg=cfg,
  File "/Users/rolandoruche/PycharmProjects/neuralhydrology/neuralhydrology/datasetzoo/basedataset.py", line 129, in __init__
    self._load_data()
  File "/Users/rolandoruche/PycharmProjects/neuralhydrology/neuralhydrology/datasetzoo/basedataset.py", line 542, in _load_data
    xr = self._load_or_create_xarray_dataset()
  File "/Users/rolandoruche/PycharmProjects/neuralhydrology/neuralhydrology/datasetzoo/basedataset.py", line 265, in _load_or_create_xarray_dataset
    df = self._load_basin_data(basin)
  File "/Users/rolandoruche/PycharmProjects/neuralhydrology/neuralhydrology/datasetzoo/kenya_1_basin.py", line 38, in _load_basin_data
    df, area = load_tnc_kenya_1_basin_forcings(self.cfg.data_dir, basin, forcing)
  File "/Users/rolandoruche/PycharmProjects/neuralhydrology/neuralhydrology/datasetzoo/kenya_1_basin.py", line 79, in load_tnc_kenya_1_basin_forcings
    raise FileNotFoundError(f'No file for Basin {basin} at {file_path}')
FileNotFoundError: No file for Basin # (has to match the if statement in modelzoo/__init__.py) at []
