2021-08-25 23:45:00,197: Logging to /Users/rolandoruche/PycharmProjects/neuralhydrology/runs/cudalstm_kenya_16_basins_2508_234500/output.log initialized.
2021-08-25 23:45:00,197: ### Folder structure created at /Users/rolandoruche/PycharmProjects/neuralhydrology/runs/cudalstm_kenya_16_basins_2508_234500
2021-08-25 23:45:00,197: ### Run configurations for cudalstm_kenya_16_basins
2021-08-25 23:45:00,197: experiment_name: cudalstm_kenya_16_basins
2021-08-25 23:45:00,198: run_dir: /Users/rolandoruche/PycharmProjects/neuralhydrology/runs/cudalstm_kenya_16_basins_2508_234500
2021-08-25 23:45:00,198: train_basin_file: examples/TNC-Kenya/kenya_basin_list.txt
2021-08-25 23:45:00,198: validation_basin_file: examples/TNC-Kenya/kenya_basin_list.txt
2021-08-25 23:45:00,198: test_basin_file: examples/TNC-Kenya/kenya_basin_list.txt
2021-08-25 23:45:00,198: train_start_date: 2015-11-20 00:00:00
2021-08-25 23:45:00,198: train_end_date: 2019-01-03 00:00:00
2021-08-25 23:45:00,198: validation_start_date: 2019-01-04 00:00:00
2021-08-25 23:45:00,199: validation_end_date: 2019-05-26 00:00:00
2021-08-25 23:45:00,199: test_start_date: 2019-05-27 00:00:00
2021-08-25 23:45:00,199: test_end_date: 2019-10-16 00:00:00
2021-08-25 23:45:00,199: seed: 123
2021-08-25 23:45:00,199: device: cpu
2021-08-25 23:45:00,199: validate_every: 1
2021-08-25 23:45:00,199: validate_n_random_basins: 16
2021-08-25 23:45:00,199: metrics: ['NSE']
2021-08-25 23:45:00,199: model: cudalstm
2021-08-25 23:45:00,200: head: regression
2021-08-25 23:45:00,200: hidden_size: 128
2021-08-25 23:45:00,200: initial_forget_bias: 3
2021-08-25 23:45:00,200: output_dropout: 0.4
2021-08-25 23:45:00,200: output_activation: linear
2021-08-25 23:45:00,200: optimizer: Adam
2021-08-25 23:45:00,200: loss: NSE
2021-08-25 23:45:00,200: learning_rate: {0: 0.001, 1: 0.0005}
2021-08-25 23:45:00,200: batch_size: 256
2021-08-25 23:45:00,200: epochs: 3
2021-08-25 23:45:00,201: clip_gradient_norm: 1
2021-08-25 23:45:00,201: predict_last_n: 1
2021-08-25 23:45:00,201: seq_length: 365
2021-08-25 23:45:00,201: num_workers: 8
2021-08-25 23:45:00,201: log_interval: 5
2021-08-25 23:45:00,201: log_tensorboard: True
2021-08-25 23:45:00,201: save_weights_every: 1
2021-08-25 23:45:00,201: save_validation_results: True
2021-08-25 23:45:00,202: dataset: tnc_kenya
2021-08-25 23:45:00,202: data_dir: /data_dir/basin_mean_forcing
2021-08-25 23:45:00,202: forcings: ['kenya_forcings']
2021-08-25 23:45:00,202: dynamic_inputs: ['prcp(mm/day)', 'srad(W/m2)', 'tmax(C)', 'tmin(C)', 'vp(Pa)']
2021-08-25 23:45:00,202: target_variables: ['QObs(mm/d)']
2021-08-25 23:45:00,202: static_attributes: None
2021-08-25 23:45:00,202: number_of_basins: 16
2021-08-25 23:45:00,202: train_dir: /Users/rolandoruche/PycharmProjects/neuralhydrology/runs/cudalstm_kenya_16_basins_2508_234500/train_data
2021-08-25 23:45:00,202: img_log_dir: /Users/rolandoruche/PycharmProjects/neuralhydrology/runs/cudalstm_kenya_16_basins_2508_234500/img_log
2021-08-25 23:45:00,205: ### Device cpu will be used for training
2021-08-25 23:45:00,229: Loading basin data_dir into xarray data_dir set.
2021-08-25 23:45:00,262: Uncaught exception
Traceback (most recent call last):
  File "/Users/rolandoruche/opt/anaconda3/bin/nh-run", line 33, in <module>
    sys.exit(load_entry_point('neuralhydrology', 'console_scripts', 'nh-run')())
  File "/Users/rolandoruche/PycharmProjects/neuralhydrology/neuralhydrology/nh_run.py", line 43, in _main
    start_run(config_file=Path(args["config_file"]), gpu=args["gpu"])
  File "/Users/rolandoruche/PycharmProjects/neuralhydrology/neuralhydrology/nh_run.py", line 76, in start_run
    start_training(config)
  File "/Users/rolandoruche/PycharmProjects/neuralhydrology/neuralhydrology/training/train.py", line 22, in start_training
    trainer.initialize_training()
  File "/Users/rolandoruche/PycharmProjects/neuralhydrology/neuralhydrology/training/basetrainer.py", line 163, in initialize_training
    ds = self._get_dataset()
  File "/Users/rolandoruche/PycharmProjects/neuralhydrology/neuralhydrology/training/basetrainer.py", line 78, in _get_dataset
    return get_dataset(cfg=self.cfg, period="train", is_train=True, scaler=self._scaler)
  File "/Users/rolandoruche/PycharmProjects/neuralhydrology/neuralhydrology/datasetzoo/__init__.py", line 72, in get_dataset
    ds = Dataset(cfg=cfg,
  File "/Users/rolandoruche/PycharmProjects/neuralhydrology/neuralhydrology/datasetzoo/tnc_kenya.py", line 25, in __init__
    super(TNCKenya, self).__init__(cfg=cfg,
  File "/Users/rolandoruche/PycharmProjects/neuralhydrology/neuralhydrology/datasetzoo/basedataset.py", line 129, in __init__
    self._load_data()
  File "/Users/rolandoruche/PycharmProjects/neuralhydrology/neuralhydrology/datasetzoo/basedataset.py", line 542, in _load_data
    xr = self._load_or_create_xarray_dataset()
  File "/Users/rolandoruche/PycharmProjects/neuralhydrology/neuralhydrology/datasetzoo/basedataset.py", line 265, in _load_or_create_xarray_dataset
    df = self._load_basin_data(basin)
  File "/Users/rolandoruche/PycharmProjects/neuralhydrology/neuralhydrology/datasetzoo/tnc_kenya.py", line 38, in _load_basin_data
    df, area = load_tnc_kenya_forcings(self.cfg.data_dir, basin, forcing)
  File "/Users/rolandoruche/PycharmProjects/neuralhydrology/neuralhydrology/datasetzoo/tnc_kenya.py", line 71, in load_tnc_kenya_forcings
    raise OSError(f"{forcing_path} does not exist")
OSError: /data_dir/basin_mean_forcing/basin_mean_forcing/kenya_forcings does not exist
